app/build/intermediates/manifest_merge_blame_file/debug/manifest-merger-blame-debug-report.txt
1<?xml version="1.0" encoding="utf-8"?>
2<manifest xmlns:android="http://schemas.android.com/apk/res/android"
3    package="com.android.foodorderapp"
4    android:versionCode="1"
5    android:versionName="1.0" >
6
7    <uses-sdk
8        android:minSdkVersion="19"
8-->src\main\AndroidManifest.xml
9        android:targetSdkVersion="29" />
9-->src\main\AndroidManifest.xml
10
11    <uses-permission android:name="android.permission.INTERNET" />
11-->src\main\AndroidManifest.xml:4:3-64
11-->src\main\AndroidManifest.xml:4:20-62
12
13    <!-- Although the *SdkVersion is captured in gradle build files, this is required for non gradle builds -->
14    <!-- <uses-sdk android:minSdkVersion="14" /> -->
15    <uses-permission android:name="android.permission.ACCESS_NETWORK_STATE" />
15-->[com.google.firebase:firebase-firestore:24.0.0] AndroidManifest.xml:13:5-79
15-->[com.google.firebase:firebase-firestore:24.0.0] AndroidManifest.xml:13:22-76
16
17    <application
17-->src\main\AndroidManifest.xml:5:5-23:19
18        android:allowBackup="true"
18-->src\main\AndroidManifest.xml:6:9-35
19        android:appComponentFactory="androidx.core.app.CoreComponentFactory"
19-->[androidx.core:core:1.3.1] AndroidManifest.xml:24:18-86
20        android:debuggable="true"
21        android:icon="@mipmap/ic_launcher_foreground"
21-->src\main\AndroidManifest.xml:7:9-54
22        android:label="@string/app_name"
22-->src\main\AndroidManifest.xml:8:9-41
23        android:roundIcon="@mipmap/ic_launcher_round"
23-->src\main\AndroidManifest.xml:9:9-54
24        android:supportsRtl="true"
24-->src\main\AndroidManifest.xml:10:9-35
25        android:testOnly="true"
26        android:theme="@style/Theme.FoodOrderApp" >
26-->src\main\AndroidManifest.xml:11:9-50
27        <activity android:name="com.android.foodorderapp.OrderSucceessActivity" />
27-->src\main\AndroidManifest.xml:12:9-68
27-->src\main\AndroidManifest.xml:12:19-56
28        <activity android:name="com.android.foodorderapp.PlaceYourOrderActivity" />
28-->src\main\AndroidManifest.xml:13:9-60
28-->src\main\AndroidManifest.xml:13:19-57
29        <activity android:name="com.android.foodorderapp.RestaurantMenuActivity" />
29-->src\main\AndroidManifest.xml:14:9-60
29-->src\main\AndroidManifest.xml:14:19-57
30        <activity android:name="com.android.foodorderapp.SplashActivity" >
30-->src\main\AndroidManifest.xml:15:9-21:20
30-->src\main\AndroidManifest.xml:15:19-49
31            <intent-filter>
31-->src\main\AndroidManifest.xml:16:13-20:29
32                <action android:name="android.intent.action.MAIN" />
32-->src\main\AndroidManifest.xml:17:17-69
32-->src\main\AndroidManifest.xml:17:25-66
33
34                <category android:name="android.intent.category.LAUNCHER" />
34-->src\main\AndroidManifest.xml:19:17-77
34-->src\main\AndroidManifest.xml:19:27-74
35            </intent-filter>
36        </activity>
37        <activity android:name="com.android.foodorderapp.MainActivity" />
37-->src\main\AndroidManifest.xml:22:9-50
37-->src\main\AndroidManifest.xml:22:19-47
38
39        <service
39-->[com.google.firebase:firebase-firestore:24.0.0] AndroidManifest.xml:17:9-23:19
40            android:name="com.google.firebase.components.ComponentDiscoveryService"
40-->[com.google.firebase:firebase-firestore:24.0.0] AndroidManifest.xml:18:13-84
41            android:directBootAware="true"
41-->[com.google.firebase:firebase-common:20.0.0] AndroidManifest.xml:35:13-43
42            android:exported="false" >
42-->[com.google.firebase:firebase-firestore:24.0.0] AndroidManifest.xml:19:13-37
43            <meta-data
43-->[com.google.firebase:firebase-firestore:24.0.0] AndroidManifest.xml:20:13-22:85
44                android:name="com.google.firebase.components:com.google.firebase.firestore.FirestoreRegistrar"
44-->[com.google.firebase:firebase-firestore:24.0.0] AndroidManifest.xml:21:17-111
45                android:value="com.google.firebase.components.ComponentRegistrar" />
45-->[com.google.firebase:firebase-firestore:24.0.0] AndroidManifest.xml:22:17-82
46        </service>
47
48        <provider
48-->[com.google.firebase:firebase-common:20.0.0] AndroidManifest.xml:26:9-31:39
49            android:name="com.google.firebase.provider.FirebaseInitProvider"
49-->[com.google.firebase:firebase-common:20.0.0] AndroidManifest.xml:27:13-77
50            android:authorities="com.android.foodorderapp.firebaseinitprovider"
50-->[com.google.firebase:firebase-common:20.0.0] AndroidManifest.xml:28:13-72
51            android:directBootAware="true"
51-->[com.google.firebase:firebase-common:20.0.0] AndroidManifest.xml:29:13-43
52            android:exported="false"
52-->[com.google.firebase:firebase-common:20.0.0] AndroidManifest.xml:30:13-37
53            android:initOrder="100" />
53-->[com.google.firebase:firebase-common:20.0.0] AndroidManifest.xml:31:13-36
54
55        <activity
55-->[com.google.android.gms:play-services-base:17.1.0] AndroidManifest.xml:23:9-26:75
56            android:name="com.google.android.gms.common.api.GoogleApiActivity"
56-->[com.google.android.gms:play-services-base:17.1.0] AndroidManifest.xml:24:13-79
57            android:exported="false"
57-->[com.google.android.gms:play-services-base:17.1.0] AndroidManifest.xml:25:13-37
58            android:theme="@android:style/Theme.Translucent.NoTitleBar" />
58-->[com.google.android.gms:play-services-base:17.1.0] AndroidManifest.xml:26:13-72
59
60        <meta-data
60-->[com.google.android.gms:play-services-basement:17.0.0] AndroidManifest.xml:23:9-25:69
61            android:name="com.google.android.gms.version"
61-->[com.google.android.gms:play-services-basement:17.0.0] AndroidManifest.xml:24:13-58
62            android:value="@integer/google_play_services_version" />
62-->[com.google.android.gms:play-services-basement:17.0.0] AndroidManifest.xml:25:13-66
63    </application>
64
65</manifest>